//
// Copyright 2009 Arun Saha
//
Searching for include files...
Searching for example files...
Searching for images...
Searching for dot files...
Searching for files to exclude
Searching for files to process...
Searching for files in directory /private/arun/code/simulator
Searching for files in directory /private/arun/code/simulator/cli
Searching for files in directory /private/arun/code/simulator/cli/common
Searching for files in directory /private/arun/code/simulator/cli/config
Searching for files in directory /private/arun/code/simulator/cli/epu
Searching for files in directory /private/arun/code/simulator/cli/global
Searching for files in directory /private/arun/code/simulator/cli/main
Searching for files in directory /private/arun/code/simulator/cli/port
Searching for files in directory /private/arun/code/simulator/cli/simul
Searching for files in directory /private/arun/code/simulator/dataplane
Searching for files in directory /private/arun/code/simulator/mol
Searching for files in directory /private/arun/code/simulator/mol/common
Searching for files in directory /private/arun/code/simulator/mol/epu
Searching for files in directory /private/arun/code/simulator/mol/port
Searching for files in directory /private/arun/code/simulator/obj
Searching for files in directory /private/arun/code/simulator/spirit
Reading and parsing tag files
Preprocessing /private/arun/code/simulator/cli/common/CommonParserNodes.cpp...
Parsing file /private/arun/code/simulator/cli/common/CommonParserNodes.cpp...
Preprocessing /private/arun/code/simulator/cli/common/CommonParserNodes.h...
Parsing file /private/arun/code/simulator/cli/common/CommonParserNodes.h...
Preprocessing /private/arun/code/simulator/cli/common/Frame.cpp...
Parsing file /private/arun/code/simulator/cli/common/Frame.cpp...
Preprocessing /private/arun/code/simulator/cli/common/Frame.h...
Parsing file /private/arun/code/simulator/cli/common/Frame.h...
Preprocessing /private/arun/code/simulator/cli/common/Types.cpp...
Parsing file /private/arun/code/simulator/cli/common/Types.cpp...
Preprocessing /private/arun/code/simulator/cli/common/Types.h...
Parsing file /private/arun/code/simulator/cli/common/Types.h...
Preprocessing /private/arun/code/simulator/cli/config/ConfigParser.cpp...
Parsing file /private/arun/code/simulator/cli/config/ConfigParser.cpp...
Preprocessing /private/arun/code/simulator/cli/config/ConfigParser.h...
Parsing file /private/arun/code/simulator/cli/config/ConfigParser.h...
Preprocessing /private/arun/code/simulator/cli/config/ConfigParserHandler.cpp...
Parsing file /private/arun/code/simulator/cli/config/ConfigParserHandler.cpp...
Preprocessing /private/arun/code/simulator/cli/config/ConfigParserHandler.h...
Parsing file /private/arun/code/simulator/cli/config/ConfigParserHandler.h...
Preprocessing /private/arun/code/simulator/cli/epu/EpuParser.cpp...
Parsing file /private/arun/code/simulator/cli/epu/EpuParser.cpp...
Preprocessing /private/arun/code/simulator/cli/epu/EpuParser.h...
Parsing file /private/arun/code/simulator/cli/epu/EpuParser.h...
Preprocessing /private/arun/code/simulator/cli/epu/EpuParserHandler.cpp...
Parsing file /private/arun/code/simulator/cli/epu/EpuParserHandler.cpp...
Preprocessing /private/arun/code/simulator/cli/epu/EpuParserHandler.h...
Parsing file /private/arun/code/simulator/cli/epu/EpuParserHandler.h...
Preprocessing /private/arun/code/simulator/cli/global/GlobalParser.cpp...
Parsing file /private/arun/code/simulator/cli/global/GlobalParser.cpp...
Preprocessing /private/arun/code/simulator/cli/global/GlobalParser.h...
Parsing file /private/arun/code/simulator/cli/global/GlobalParser.h...
Preprocessing /private/arun/code/simulator/cli/global/GlobalParserHandler.cpp...
Parsing file /private/arun/code/simulator/cli/global/GlobalParserHandler.cpp...
Preprocessing /private/arun/code/simulator/cli/global/GlobalParserHandler.h...
Parsing file /private/arun/code/simulator/cli/global/GlobalParserHandler.h...
Preprocessing /private/arun/code/simulator/cli/main/ParserMain.cpp...
Parsing file /private/arun/code/simulator/cli/main/ParserMain.cpp...
Preprocessing /private/arun/code/simulator/cli/main/ParserMain.h...
Parsing file /private/arun/code/simulator/cli/main/ParserMain.h...
Preprocessing /private/arun/code/simulator/cli/port/PortParser.cpp...
Parsing file /private/arun/code/simulator/cli/port/PortParser.cpp...
Preprocessing /private/arun/code/simulator/cli/port/PortParser.h...
Parsing file /private/arun/code/simulator/cli/port/PortParser.h...
Preprocessing /private/arun/code/simulator/cli/port/PortParserHandler.cpp...
Parsing file /private/arun/code/simulator/cli/port/PortParserHandler.cpp...
Preprocessing /private/arun/code/simulator/cli/port/PortParserHandler.h...
Parsing file /private/arun/code/simulator/cli/port/PortParserHandler.h...
Preprocessing /private/arun/code/simulator/cli/simul/SimulParser.cpp...
Parsing file /private/arun/code/simulator/cli/simul/SimulParser.cpp...
Preprocessing /private/arun/code/simulator/cli/simul/SimulParser.h...
Parsing file /private/arun/code/simulator/cli/simul/SimulParser.h...
Preprocessing /private/arun/code/simulator/cli/simul/SimulParserHandler.cpp...
Parsing file /private/arun/code/simulator/cli/simul/SimulParserHandler.cpp...
Preprocessing /private/arun/code/simulator/cli/simul/SimulParserHandler.h...
Parsing file /private/arun/code/simulator/cli/simul/SimulParserHandler.h...
Preprocessing /private/arun/code/simulator/dataplane/DataPlaneMgr.cpp...
Parsing file /private/arun/code/simulator/dataplane/DataPlaneMgr.cpp...
Preprocessing /private/arun/code/simulator/dataplane/DataPlaneMgr.h...
Parsing file /private/arun/code/simulator/dataplane/DataPlaneMgr.h...
Preprocessing /private/arun/code/simulator/dataplane/MetaData.h...
Parsing file /private/arun/code/simulator/dataplane/MetaData.h...
Preprocessing /private/arun/code/simulator/main.cpp...
Parsing file /private/arun/code/simulator/main.cpp...
Reading /private/arun/code/simulator/Makefile.inc...
Parsing file /private/arun/code/simulator/Makefile.inc...
Preprocessing /private/arun/code/simulator/mol/common/MolVp.cpp...
Parsing file /private/arun/code/simulator/mol/common/MolVp.cpp...
Preprocessing /private/arun/code/simulator/mol/common/MolVp.h...
Parsing file /private/arun/code/simulator/mol/common/MolVp.h...
Preprocessing /private/arun/code/simulator/mol/common/Types.h...
Parsing file /private/arun/code/simulator/mol/common/Types.h...
Preprocessing /private/arun/code/simulator/mol/epu/Epu.cpp...
Parsing file /private/arun/code/simulator/mol/epu/Epu.cpp...
Preprocessing /private/arun/code/simulator/mol/epu/Epu.h...
Parsing file /private/arun/code/simulator/mol/epu/Epu.h...
Preprocessing /private/arun/code/simulator/mol/epu/EpuMgr.cpp...
Parsing file /private/arun/code/simulator/mol/epu/EpuMgr.cpp...
Preprocessing /private/arun/code/simulator/mol/epu/EpuMgr.h...
Parsing file /private/arun/code/simulator/mol/epu/EpuMgr.h...
Preprocessing /private/arun/code/simulator/mol/epu/FwdDomain.cpp...
Parsing file /private/arun/code/simulator/mol/epu/FwdDomain.cpp...
Preprocessing /private/arun/code/simulator/mol/epu/FwdDomain.h...
Parsing file /private/arun/code/simulator/mol/epu/FwdDomain.h...
Preprocessing /private/arun/code/simulator/mol/epu/FwdDomainMgr.cpp...
Parsing file /private/arun/code/simulator/mol/epu/FwdDomainMgr.cpp...
Preprocessing /private/arun/code/simulator/mol/epu/FwdDomainMgr.h...
Parsing file /private/arun/code/simulator/mol/epu/FwdDomainMgr.h...
Preprocessing /private/arun/code/simulator/mol/epu/MacTable.cpp...
Parsing file /private/arun/code/simulator/mol/epu/MacTable.cpp...
Preprocessing /private/arun/code/simulator/mol/epu/MacTable.h...
Parsing file /private/arun/code/simulator/mol/epu/MacTable.h...
Preprocessing /private/arun/code/simulator/mol/nonlist.cpp...
Parsing file /private/arun/code/simulator/mol/nonlist.cpp...
Preprocessing /private/arun/code/simulator/mol/port/Port.cpp...
Parsing file /private/arun/code/simulator/mol/port/Port.cpp...
Preprocessing /private/arun/code/simulator/mol/port/Port.h...
Parsing file /private/arun/code/simulator/mol/port/Port.h...
Preprocessing /private/arun/code/simulator/mol/port/PortMgr.cpp...
Parsing file /private/arun/code/simulator/mol/port/PortMgr.cpp...
Preprocessing /private/arun/code/simulator/mol/port/PortMgr.h...
Parsing file /private/arun/code/simulator/mol/port/PortMgr.h...
Preprocessing /private/arun/code/simulator/spirit/spiritinclude.h...
Parsing file /private/arun/code/simulator/spirit/spiritinclude.h...
Building group list...
Building directory list...
Building namespace list...
Building file list...
Building class list...
Associating documentation with classes...
Computing nesting relations for classes...
Building example list...
Searching for enumerations...
Searching for documented typedefs...
Searching for members imported via using declarations...
Searching for included using directives...
Searching for documented variables...
Building member list...
Searching for friends...
Searching for documented defines...
Computing class inheritance relations...
Computing class usage relations...
Flushing cached template relations that have become invalid...
Creating members for template instances...
Computing class relations...
Add enum values to enums...
Searching for member function documentation...
Building page list...
Search for main page...
Computing page relations...
Determining the scope of groups...
Sorting lists...
Freeing entry tree
Determining which enums are documented
Computing member relations...
Building full member lists recursively...
Adding members to member groups.
Computing member references...
Inheriting documentation...
Generating disk names...
Adding source references...
Adding todo/test/bug list items...
Counting data structures...
Resolving user defined references...
Finding anchors and sections in the documentation...
Combining using relations...
Adding members to index pages...
Generating style sheet...
Generating index page...
Generating page index...
Generating example documentation...
Generating file sources...
Parsing code for file cli/common/CommonParserNodes.cpp...
Generating code for file cli/common/CommonParserNodes.h...
Parsing code for file cli/common/Frame.cpp...
Generating code for file cli/common/Frame.h...
Parsing code for file cli/common/Types.cpp...
Generating code for file cli/common/Types.h...
Generating code for file mol/common/Types.h...
Parsing code for file cli/config/ConfigParser.cpp...
Generating code for file cli/config/ConfigParser.h...
Parsing code for file cli/config/ConfigParserHandler.cpp...
Generating code for file cli/config/ConfigParserHandler.h...
Parsing code for file cli/epu/EpuParser.cpp...
Generating code for file cli/epu/EpuParser.h...
Parsing code for file cli/epu/EpuParserHandler.cpp...
Generating code for file cli/epu/EpuParserHandler.h...
Parsing code for file cli/global/GlobalParser.cpp...
Generating code for file cli/global/GlobalParser.h...
Parsing code for file cli/global/GlobalParserHandler.cpp...
Generating code for file cli/global/GlobalParserHandler.h...
Parsing code for file cli/main/ParserMain.cpp...
Generating code for file cli/main/ParserMain.h...
Parsing code for file cli/port/PortParser.cpp...
Generating code for file cli/port/PortParser.h...
Parsing code for file cli/port/PortParserHandler.cpp...
Generating code for file cli/port/PortParserHandler.h...
Parsing code for file cli/simul/SimulParser.cpp...
Generating code for file cli/simul/SimulParser.h...
Parsing code for file cli/simul/SimulParserHandler.cpp...
Generating code for file cli/simul/SimulParserHandler.h...
Parsing code for file dataplane/DataPlaneMgr.cpp...
Generating code for file dataplane/DataPlaneMgr.h...
Generating code for file dataplane/MetaData.h...
Parsing code for file main.cpp...
Parsing code for file Makefile.inc...
Parsing code for file mol/common/MolVp.cpp...
Generating code for file mol/common/MolVp.h...
Parsing code for file mol/epu/Epu.cpp...
Generating code for file mol/epu/Epu.h...
Parsing code for file mol/epu/EpuMgr.cpp...
Generating code for file mol/epu/EpuMgr.h...
Parsing code for file mol/epu/FwdDomain.cpp...
Generating code for file mol/epu/FwdDomain.h...
Parsing code for file mol/epu/FwdDomainMgr.cpp...
Generating code for file mol/epu/FwdDomainMgr.h...
Parsing code for file mol/epu/MacTable.cpp...
Generating code for file mol/epu/MacTable.h...
Parsing code for file mol/nonlist.cpp...
Parsing code for file mol/port/Port.cpp...
Generating code for file mol/port/Port.h...
Parsing code for file mol/port/PortMgr.cpp...
Generating code for file mol/port/PortMgr.h...
Generating code for file spirit/spiritinclude.h...
Generating file documentation...
Generating docs for file cli/common/CommonParserNodes.cpp...
Generating call graph for function printEpuIdHelp
Generating caller graph for function printEpuIdHelp
Generating call graph for function printPortIdHelp
Generating caller graph for function printPortIdHelp
Generating call graph for function printVbIdHelp
Generating caller graph for function printVbIdHelp
Generating docs for file cli/common/CommonParserNodes.h...
Generating call graph for function printEpuIdHelp
Generating caller graph for function printEpuIdHelp
Generating call graph for function printPortIdHelp
Generating caller graph for function printPortIdHelp
Generating call graph for function printVbIdHelp
Generating caller graph for function printVbIdHelp
Generating docs for file cli/common/Frame.cpp...
Generating call graph for function operator<<
Generating call graph for function operator<<
Generating call graph for function operator<<
Generating call graph for function operator<<
Generating call graph for function operator<<
Generating call graph for function operator<<
Generating caller graph for function VlanTypeToString
Generating docs for file cli/common/Frame.h...
Generating call graph for function operator<<
Generating call graph for function operator<<
Generating call graph for function operator<<
Generating call graph for function operator<<
Generating call graph for function operator<<
Generating call graph for function operator<<
Generating caller graph for function VlanTypeToString
Generating docs for file cli/common/Types.cpp...
Generating call graph for function operator<<
Generating call graph for function operator<<
Generating docs for file cli/common/Types.h...
Generating call graph for function operator<<
Generating call graph for function operator<<
Generating docs for file mol/common/Types.h...
Generating docs for file cli/config/ConfigParser.cpp...
Generating caller graph for function acceptConfigHelpEol
Generating call graph for function acceptConfigPortIdEol
Generating caller graph for function acceptConfigPortIdEol
Generating call graph for function doConfigEndEol
Generating caller graph for function doConfigEndEol
Generating call graph for function doConfigEndHelp
Generating caller graph for function doConfigEndHelp
Generating caller graph for function doConfigExitEol
Generating call graph for function doConfigExitHelp
Generating caller graph for function doConfigExitHelp
Generating call graph for function doConfigHelp
Generating caller graph for function doConfigHelp
Generating call graph for function doConfigPortHelp
Generating caller graph for function doConfigPortHelp
Generating call graph for function doConfigPortIdHelp
Generating caller graph for function doConfigPortIdHelp
Generating caller graph for function getConfigPortId
Generating docs for file cli/config/ConfigParser.h...
Generating docs for file cli/config/ConfigParserHandler.cpp...
Generating docs for file cli/config/ConfigParserHandler.h...
Generating docs for file cli/epu/EpuParser.cpp...
Generating docs for file cli/epu/EpuParser.h...
Generating docs for file cli/epu/EpuParserHandler.cpp...
Generating docs for file cli/epu/EpuParserHandler.h...
Generating docs for file cli/global/GlobalParser.cpp...
Generating docs for file cli/global/GlobalParser.h...
Generating docs for file cli/global/GlobalParserHandler.cpp...
Generating docs for file cli/global/GlobalParserHandler.h...
Generating docs for file cli/main/ParserMain.cpp...
Generating call graph for function printHelp
Generating docs for file cli/main/ParserMain.h...
Generating call graph for function printHelp
Generating docs for file cli/port/PortParser.cpp...
Generating call graph for function acceptPortEpuIdEol
Generating caller graph for function acceptPortEpuIdEol
Generating caller graph for function acceptPortHelpEol
Generating call graph for function doPortEpuHelp
Generating caller graph for function doPortEpuHelp
Generating call graph for function doPortEpuIdHelp
Generating caller graph for function doPortEpuIdHelp
Generating call graph for function doPortEndEol
Generating caller graph for function doPortEndEol
Generating call graph for function doPortEndHelp
Generating caller graph for function doPortEndHelp
Generating call graph for function doPortExitEol
Generating caller graph for function doPortExitEol
Generating call graph for function doPortExitHelp
Generating caller graph for function doPortExitHelp
Generating call graph for function doPortHelp
Generating caller graph for function doPortHelp
Generating call graph for function doPortNoHelp
Generating caller graph for function doPortNoHelp
Generating caller graph for function getPortEpuId
Generating caller graph for function rememberNo
Generating docs for file cli/port/PortParser.h...
Generating docs for file cli/port/PortParserHandler.cpp...
Generating docs for file cli/port/PortParserHandler.h...
Generating docs for file cli/simul/SimulParser.cpp...
Generating docs for file cli/simul/SimulParser.h...
Generating docs for file cli/simul/SimulParserHandler.cpp...
Generating docs for file cli/simul/SimulParserHandler.h...
Generating docs for file dataplane/DataPlaneMgr.cpp...
Generating caller graph for function dataPlaneMgr
Generating docs for file dataplane/DataPlaneMgr.h...
Generating caller graph for function dataPlaneMgr
Generating docs for file dataplane/MetaData.h...
Generating docs for file main.cpp...
Generating call graph for function main
Generating docs for file Makefile.inc...
Generating docs for file mol/common/MolVp.cpp...
Generating caller graph for function epuMgr
Generating caller graph for function fdMgr
Generating caller graph for function molVp
Generating caller graph for function portMgr
Generating docs for file mol/common/MolVp.h...
Generating caller graph for function epuMgr
Generating caller graph for function fdMgr
Generating caller graph for function molVp
Generating caller graph for function portMgr
Generating docs for file mol/epu/Epu.cpp...
Generating call graph for function operator<<
Generating call graph for function operator<<
Generating call graph for function operator<<
Generating call graph for function operator<<
Generating docs for file mol/epu/Epu.h...
Generating call graph for function operator<<
Generating call graph for function operator<<
Generating call graph for function operator<<
Generating call graph for function operator<<
Generating docs for file mol/epu/EpuMgr.cpp...
Generating docs for file mol/epu/EpuMgr.h...
Generating docs for file mol/epu/FwdDomain.cpp...
Generating docs for file mol/epu/FwdDomain.h...
Generating docs for file mol/epu/FwdDomainMgr.cpp...
Generating docs for file mol/epu/FwdDomainMgr.h...
Generating docs for file mol/epu/MacTable.cpp...
Generating docs for file mol/epu/MacTable.h...
Generating docs for file mol/nonlist.cpp...
Generating caller graph for function acceptVhCloseBraceTok
Generating caller graph for function acceptVhCloseBraceTokEol
Generating caller graph for function acceptVhCosTok
Generating caller graph for function acceptVhDot1adTok
Generating caller graph for function acceptVhDot1qTok
Generating caller graph for function acceptVhOpenBraceTok
Generating caller graph for function acceptVhVlanIdTok
Generating call graph for function doVh1Help
Generating caller graph for function doVh1Help
Generating call graph for function doVhCloseBraceHelp
Generating caller graph for function doVhCloseBraceHelp
Generating call graph for function doVhCosHelp
Generating caller graph for function doVhCosHelp
Generating call graph for function doVhCosValueHelp
Generating caller graph for function doVhCosValueHelp
Generating call graph for function doVhOpenBraceHelp
Generating caller graph for function doVhOpenBraceHelp
Generating call graph for function doVhVlanIdHelp
Generating caller graph for function doVhVlanIdHelp
Generating call graph for function doVhVlanIdValueHelp
Generating caller graph for function doVhVlanIdValueHelp
Generating call graph for function doVlanHeaderHelp
Generating caller graph for function doVlanHeaderHelp
Generating caller graph for function getCosVal
Generating caller graph for function getVlanIdVal
Generating docs for file mol/port/Port.cpp...
Generating docs for file mol/port/Port.h...
Generating docs for file mol/port/PortMgr.cpp...
Generating docs for file mol/port/PortMgr.h...
Generating docs for file spirit/spiritinclude.h...
Generating page documentation...
Generating group documentation...
Generating group index...
Generating class documentation...
Generating annotated compound index...
Generating alphabetical compound index...
Generating hierarchical class index...
Generating member index...
Generating docs for compound ConfigGrammar...
Generating docs for nested compound ConfigGrammar::definition...
Generating call graph for function ConfigGrammar::definition::definition
Generating docs for compound ConfigParser...
Generating caller graph for function ConfigParser::configParser
Generating docs for compound ConfigParserHandler...
Generating caller graph for function ConfigParserHandler::modifyPortN
Generating docs for compound ConfigState...
Generating call graph for function ConfigState::~ConfigState
Generating caller graph for function ConfigState::clear
Generating caller graph for function ConfigState::commandLines
Generating caller graph for function ConfigState::hostname
Generating docs for compound DataPlaneMgr...
Generating call graph for function DataPlaneMgr::epuTransmit
Generating caller graph for function DataPlaneMgr::epuTransmit
Generating call graph for function DataPlaneMgr::processFrame
Generating caller graph for function DataPlaneMgr::processFrame
Generating docs for compound Epu...
Generating call graph for function Epu::Epu
Generating call graph for function Epu::~Epu
Generating caller graph for function Epu::adminState
Generating call graph for function Epu::clear
Generating caller graph for function Epu::clear
Generating caller graph for function Epu::dump
Generating caller graph for function Epu::epuId
Generating call graph for function Epu::egressRewrite
Generating caller graph for function Epu::egressRewrite
Generating call graph for function Epu::fdId
Generating caller graph for function Epu::fdId
Generating call graph for function Epu::incrInFrames
Generating caller graph for function Epu::incrInFrames
Generating call graph for function Epu::incrOutFrames
Generating caller graph for function Epu::incrOutFrames
Generating caller graph for function Epu::ingressMatch
Generating call graph for function Epu::ingressRewrite
Generating caller graph for function Epu::ingressRewrite
Generating call graph for function Epu::portId
Generating caller graph for function Epu::portId
Generating call graph for function Epu::rewriteFrame
Generating call graph for function Epu::showRun
Generating docs for compound EpuGrammar...
Generating docs for nested compound EpuGrammar::definition...
Generating docs for compound EpuMatchCriteria...
Generating call graph for function EpuMatchCriteria::EpuMatchCriteria
Generating call graph for function EpuMatchCriteria::clear
Generating caller graph for function EpuMatchCriteria::clear
Generating call graph for function EpuMatchCriteria::contains
Generating caller graph for function EpuMatchCriteria::contains
Generating caller graph for function EpuMatchCriteria::dump
Generating caller graph for function EpuMatchCriteria::isUntagged
Generating caller graph for function EpuMatchCriteria::isValid
Generating call graph for function EpuMatchCriteria::numMatchTags
Generating caller graph for function EpuMatchCriteria::numMatchTags
Generating docs for compound EpuMatchTag...
Generating call graph for function EpuMatchTag::EpuMatchTag
Generating call graph for function EpuMatchTag::clear
Generating caller graph for function EpuMatchTag::clear
Generating call graph for function EpuMatchTag::contains
Generating caller graph for function EpuMatchTag::contains
Generating call graph for function EpuMatchTag::dump
Generating caller graph for function EpuMatchTag::dump
Generating docs for compound EpuMgr...
Generating call graph for function EpuMgr::~EpuMgr
Generating call graph for function EpuMgr::createEpu
Generating caller graph for function EpuMgr::createEpu
Generating call graph for function EpuMgr::deleteEpu
Generating caller graph for function EpuMgr::deleteEpu
Generating call graph for function EpuMgr::findEpu
Generating caller graph for function EpuMgr::findEpu
Generating call graph for function EpuMgr::showEpus
Generating caller graph for function EpuMgr::showEpus
Generating docs for compound EpuParser...
Generating call graph for function EpuParser::epuParser
Generating caller graph for function EpuParser::epuParser
Generating docs for compound EpuParserHandler...
Generating call graph for function EpuParserHandler::epuAdminStateCfg
Generating caller graph for function EpuParserHandler::epuAdminStateCfg
Generating call graph for function EpuParserHandler::epuEgressRewriteCfg
Generating caller graph for function EpuParserHandler::epuEgressRewriteCfg
Generating call graph for function EpuParserHandler::epuFdIdCfg
Generating caller graph for function EpuParserHandler::epuFdIdCfg
Generating call graph for function EpuParserHandler::epuIngressRewriteCfg
Generating caller graph for function EpuParserHandler::epuIngressRewriteCfg
Generating call graph for function EpuParserHandler::epuMatchCfg
Generating caller graph for function EpuParserHandler::epuMatchCfg
Generating docs for compound EpuRewriteOp...
Generating call graph for function EpuRewriteOp::EpuRewriteOp
Generating call graph for function EpuRewriteOp::clear
Generating caller graph for function EpuRewriteOp::clear
Generating caller graph for function EpuRewriteOp::dump
Generating caller graph for function EpuRewriteOp::valid
Generating docs for compound Fcs...
Generating caller graph for function Fcs::dump
Generating docs for compound Frame...
Generating call graph for function Frame::~Frame
Generating call graph for function Frame::clear
Generating caller graph for function Frame::clear
Generating caller graph for function Frame::dstAddr
Generating call graph for function Frame::dump
Generating caller graph for function Frame::dump
Generating call graph for function Frame::frameType
Generating call graph for function Frame::numVlanTags
Generating caller graph for function Frame::srcAddr
Generating caller graph for function Frame::vlanHeader
Generating docs for compound FwdDomain...
Generating caller graph for function FwdDomain::addEpu
Generating caller graph for function FwdDomain::epuList
Generating caller graph for function FwdDomain::fdId
Generating caller graph for function FwdDomain::fdType
Generating caller graph for function FwdDomain::incrInFrames
Generating caller graph for function FwdDomain::incrOutFrames
Generating call graph for function FwdDomain::learningRequired
Generating caller graph for function FwdDomain::learningRequired
Generating caller graph for function FwdDomain::removeEpu
Generating docs for compound FwdDomainMgr...
Generating caller graph for function FwdDomainMgr::createFwdDomain
Generating call graph for function FwdDomainMgr::deleteFwdDomain
Generating caller graph for function FwdDomainMgr::findFwdDomain
Generating caller graph for function FwdDomainMgr::macTable
Generating call graph for function FwdDomainMgr::showFds
Generating caller graph for function FwdDomainMgr::showFds
Generating call graph for function FwdDomainMgr::showMacTable
Generating caller graph for function FwdDomainMgr::showMacTable
Generating docs for compound GlobalGrammar...
Generating docs for nested compound GlobalGrammar::definition...
Generating call graph for function GlobalGrammar::definition::definition
Generating docs for compound GlobalParser...
Generating caller graph for function GlobalParser::globalParser
Generating docs for compound GlobalParserHandler...
Generating call graph for function GlobalParserHandler::configHostname
Generating caller graph for function GlobalParserHandler::configHostname
Generating caller graph for function GlobalParserHandler::parserInConfigMode
Generating caller graph for function GlobalParserHandler::parserInSimulMode
Generating call graph for function GlobalParserHandler::saveConfig
Generating caller graph for function GlobalParserHandler::saveConfig
Generating call graph for function GlobalParserHandler::showEpus
Generating caller graph for function GlobalParserHandler::showEpus
Generating call graph for function GlobalParserHandler::showFds
Generating caller graph for function GlobalParserHandler::showFds
Generating call graph for function GlobalParserHandler::showMacTable
Generating caller graph for function GlobalParserHandler::showMacTable
Generating call graph for function GlobalParserHandler::showPorts
Generating caller graph for function GlobalParserHandler::showPorts
Generating call graph for function GlobalParserHandler::showRun
Generating caller graph for function GlobalParserHandler::showRun
Generating docs for compound MacAddr...
Generating call graph for function MacAddr::~MacAddr
Generating caller graph for function MacAddr::clear
Generating caller graph for function MacAddr::dump
Generating docs for compound MacEntry...
Generating call graph for function MacEntry::MacEntry
Generating call graph for function MacEntry::~MacEntry
Generating call graph for function MacEntry::clear
Generating caller graph for function MacEntry::clear
Generating docs for compound MacEntryKey...
Generating call graph for function MacEntryKey::MacEntryKey
Generating call graph for function MacEntryKey::~MacEntryKey
Generating caller graph for function MacEntryKey::clear
Generating docs for compound MacTable...
Generating call graph for function MacTable::learnSa
Generating caller graph for function MacTable::learnSa
Generating caller graph for function MacTable::lookupDa
Generating caller graph for function MacTable::showMacEntries
Generating docs for compound MetaData...
Generating docs for compound MolVp...
Generating caller graph for function MolVp::hostname
Generating call graph for function MolVp::showRun
Generating caller graph for function MolVp::showRun
Generating docs for compound NumberList...
Generating caller graph for function NumberList::clear
Generating caller graph for function NumberList::contains
Generating caller graph for function NumberList::dump
Generating caller graph for function NumberList::empty
Generating caller graph for function NumberList::insertEntry
Generating docs for compound NumberTuple...
Generating caller graph for function NumberTuple::dump
Generating docs for compound ParseNode...
Generating caller graph for function ParseNode::helpString
Generating caller graph for function ParseNode::token
Generating caller graph for function ParseNode::tokenString
Generating docs for compound ParserMain...
Generating call graph for function ParserMain::ParserMain
Generating call graph for function ParserMain::configPrompt
Generating caller graph for function ParserMain::configPrompt
Generating caller graph for function ParserMain::configState
Generating call graph for function ParserMain::epuPrompt
Generating caller graph for function ParserMain::epuPrompt
Generating call graph for function ParserMain::globalPrompt
Generating caller graph for function ParserMain::globalPrompt
Generating call graph for function ParserMain::main
Generating caller graph for function ParserMain::main
Generating caller graph for function ParserMain::molVp
Generating call graph for function ParserMain::parseSavedLine
Generating caller graph for function ParserMain::parseSavedLine
Generating call graph for function ParserMain::portPrompt
Generating caller graph for function ParserMain::portPrompt
Generating call graph for function ParserMain::printPrompt
Generating caller graph for function ParserMain::printPrompt
Generating call graph for function ParserMain::readSavedConfig
Generating caller graph for function ParserMain::readSavedConfig
Generating call graph for function ParserMain::simulPrompt
Generating caller graph for function ParserMain::simulPrompt
Generating call graph for function ParserMain::vbPrompt
Generating caller graph for function ParserMain::vbPrompt
Generating docs for compound Payload...
Generating caller graph for function Payload::dump
Generating docs for compound Port...
Generating caller graph for function Port::addEpu
Generating caller graph for function Port::incrInFrames
Generating caller graph for function Port::incrOutFrames
Generating call graph for function Port::ingressMatchClassify
Generating caller graph for function Port::ingressMatchClassify
Generating caller graph for function Port::removeEpu
Generating call graph for function Port::showRun
Generating caller graph for function Port::showRun
Generating docs for compound PortGrammar...
Generating docs for nested compound PortGrammar::definition...
Generating call graph for function PortGrammar::definition::definition
Generating docs for compound PortMgr...
Generating caller graph for function PortMgr::numPorts
Generating caller graph for function PortMgr::port
Generating call graph for function PortMgr::showPorts
Generating caller graph for function PortMgr::showPorts
Generating call graph for function PortMgr::showRun
Generating caller graph for function PortMgr::showRun
Generating docs for compound PortParser...
Generating caller graph for function PortParser::portParser
Generating docs for compound PortParserHandler...
Generating call graph for function PortParserHandler::deleteEpuN
Generating caller graph for function PortParserHandler::deleteEpuN
Generating call graph for function PortParserHandler::modifyEpuN
Generating caller graph for function PortParserHandler::modifyEpuN
Generating docs for compound SimulGrammar...
Generating docs for nested compound SimulGrammar::definition...
Generating call graph for function SimulGrammar::definition::definition
Generating docs for compound SimulParser...
Generating call graph for function SimulParser::simulParser
Generating caller graph for function SimulParser::simulParser
Generating docs for compound SimulParserHandler...
Generating call graph for function SimulParserHandler::rxFrame
Generating caller graph for function SimulParserHandler::rxFrame
Generating docs for compound VlanHeader...
Generating call graph for function VlanHeader::VlanHeader
Generating call graph for function VlanHeader::clear
Generating caller graph for function VlanHeader::clear
Generating caller graph for function VlanHeader::dump
Generating caller graph for function VlanHeader::numVlanTags
Generating docs for compound VlanTag...
Generating caller graph for function VlanTag::clear
Generating call graph for function VlanTag::dump
Generating caller graph for function VlanTag::dump
Generating graphical class hierarchy...
Generating namespace index...
Generating docs for namespace EpuParserNameSpace
Generating call graph for function EpuParserNameSpace::acceptCloseBraceTok
Generating caller graph for function EpuParserNameSpace::acceptCloseBraceTok
Generating call graph for function EpuParserNameSpace::acceptCloseBraceTokEol
Generating caller graph for function EpuParserNameSpace::acceptCloseBraceTokEol
Generating caller graph for function EpuParserNameSpace::acceptCosTok
Generating caller graph for function EpuParserNameSpace::acceptDot1adTok
Generating caller graph for function EpuParserNameSpace::acceptDot1qTok
Generating caller graph for function EpuParserNameSpace::acceptEpuHelpEol
Generating call graph for function EpuParserNameSpace::acceptEpuIngRwPopNumEol
Generating caller graph for function EpuParserNameSpace::acceptEpuIngRwPopNumEol
Generating caller graph for function EpuParserNameSpace::acceptEpuPtag
Generating caller graph for function EpuParserNameSpace::acceptEpuUntag
Generating call graph for function EpuParserNameSpace::acceptEpuUntagEol
Generating caller graph for function EpuParserNameSpace::acceptEpuUntagEol
Generating call graph for function EpuParserNameSpace::acceptEpuVbIdEol
Generating caller graph for function EpuParserNameSpace::acceptEpuVbIdEol
Generating caller graph for function EpuParserNameSpace::acceptEgressDirection
Generating caller graph for function EpuParserNameSpace::acceptIngressDirection
Generating call graph for function EpuParserNameSpace::acceptOpenBraceTok
Generating caller graph for function EpuParserNameSpace::acceptOpenBraceTok
Generating caller graph for function EpuParserNameSpace::acceptPopTok
Generating caller graph for function EpuParserNameSpace::acceptPushTok
Generating caller graph for function EpuParserNameSpace::acceptSwapTok
Generating call graph for function EpuParserNameSpace::acceptVhCloseBraceTok
Generating call graph for function EpuParserNameSpace::acceptVhCloseBraceTokEol
Generating caller graph for function EpuParserNameSpace::acceptVlanIdTok
Generating call graph for function EpuParserNameSpace::doCloseBraceHelp
Generating caller graph for function EpuParserNameSpace::doCloseBraceHelp
Generating call graph for function EpuParserNameSpace::doEpuCosListHelp
Generating caller graph for function EpuParserNameSpace::doEpuCosListHelp
Generating call graph for function EpuParserNameSpace::doEpuDot1adHelp
Generating caller graph for function EpuParserNameSpace::doEpuDot1adHelp
Generating call graph for function EpuParserNameSpace::doEpuDot1qHelp
Generating caller graph for function EpuParserNameSpace::doEpuDot1qHelp
Generating call graph for function EpuParserNameSpace::doEpuEgressHelp
Generating caller graph for function EpuParserNameSpace::doEpuEgressHelp
Generating call graph for function EpuParserNameSpace::doEpuEgressRwHelp
Generating caller graph for function EpuParserNameSpace::doEpuEgressRwHelp
Generating call graph for function EpuParserNameSpace::doEpuEndEol
Generating caller graph for function EpuParserNameSpace::doEpuEndEol
Generating call graph for function EpuParserNameSpace::doEpuEndHelp
Generating caller graph for function EpuParserNameSpace::doEpuEndHelp
Generating call graph for function EpuParserNameSpace::doEpuExitEol
Generating caller graph for function EpuParserNameSpace::doEpuExitEol
Generating call graph for function EpuParserNameSpace::doEpuExitHelp
Generating caller graph for function EpuParserNameSpace::doEpuExitHelp
Generating call graph for function EpuParserNameSpace::doEpuHelp
Generating caller graph for function EpuParserNameSpace::doEpuHelp
Generating call graph for function EpuParserNameSpace::doEpuIngMatchHelp
Generating caller graph for function EpuParserNameSpace::doEpuIngMatchHelp
Generating call graph for function EpuParserNameSpace::doEpuIngressHelp
Generating caller graph for function EpuParserNameSpace::doEpuIngressHelp
Generating call graph for function EpuParserNameSpace::doEpuIngRwHelp
Generating caller graph for function EpuParserNameSpace::doEpuIngRwHelp
Generating caller graph for function EpuParserNameSpace::doEpuIngRwPopHelp
Generating call graph for function EpuParserNameSpace::doEpuIngRwPopNumHelp
Generating caller graph for function EpuParserNameSpace::doEpuIngRwPopNumHelp
Generating call graph for function EpuParserNameSpace::doEpuPtagCommaHelp
Generating caller graph for function EpuParserNameSpace::doEpuPtagCommaHelp
Generating call graph for function EpuParserNameSpace::doEpuPtagHelp
Generating caller graph for function EpuParserNameSpace::doEpuPtagHelp
Generating call graph for function EpuParserNameSpace::doEpuPtIdHelp
Generating call graph for function EpuParserNameSpace::doEpuShutdownEol
Generating caller graph for function EpuParserNameSpace::doEpuShutdownEol
Generating call graph for function EpuParserNameSpace::doEpuShutdownHelp
Generating caller graph for function EpuParserNameSpace::doEpuShutdownHelp
Generating call graph for function EpuParserNameSpace::doEpuUntagCommaHelp
Generating caller graph for function EpuParserNameSpace::doEpuUntagCommaHelp
Generating call graph for function EpuParserNameSpace::doEpuUntagHelp
Generating caller graph for function EpuParserNameSpace::doEpuUntagHelp
Generating call graph for function EpuParserNameSpace::doEpuVbHelp
Generating caller graph for function EpuParserNameSpace::doEpuVbHelp
Generating call graph for function EpuParserNameSpace::doEpuVbIdHelp
Generating caller graph for function EpuParserNameSpace::doEpuVbIdHelp
Generating call graph for function EpuParserNameSpace::doListCosHelp
Generating caller graph for function EpuParserNameSpace::doListCosHelp
Generating call graph for function EpuParserNameSpace::doOpenBraceHelp
Generating caller graph for function EpuParserNameSpace::doOpenBraceHelp
Generating call graph for function EpuParserNameSpace::doVh1Help
Generating call graph for function EpuParserNameSpace::doVhCloseBraceHelp
Generating call graph for function EpuParserNameSpace::doVhCosHelp
Generating call graph for function EpuParserNameSpace::doVhCosValueHelp
Generating call graph for function EpuParserNameSpace::doVhOpenBraceHelp
Generating call graph for function EpuParserNameSpace::doVhVlanIdHelp
Generating call graph for function EpuParserNameSpace::doVhVlanIdValueHelp
Generating call graph for function EpuParserNameSpace::doVlanHeaderHelp
Generating call graph for function EpuParserNameSpace::doVlanIdHelp
Generating caller graph for function EpuParserNameSpace::doVlanIdHelp
Generating call graph for function EpuParserNameSpace::doVlanListHelp
Generating caller graph for function EpuParserNameSpace::doVlanListHelp
Generating caller graph for function EpuParserNameSpace::getEpuNumPopTags
Generating caller graph for function EpuParserNameSpace::getEpuVbId
Generating call graph for function EpuParserNameSpace::getHigherNumber
Generating caller graph for function EpuParserNameSpace::getHigherNumber
Generating caller graph for function EpuParserNameSpace::getLowerNumber
Generating call graph for function EpuParserNameSpace::getSingleRangeNumber
Generating caller graph for function EpuParserNameSpace::getSingleRangeNumber
Generating caller graph for function EpuParserNameSpace::putNlist
Generating docs for namespace GlobalParserNameSpace
Generating caller graph for function GlobalParserNameSpace::acceptCountersFlag
Generating call graph for function GlobalParserNameSpace::acceptGlobalConfigEol
Generating caller graph for function GlobalParserNameSpace::acceptGlobalConfigEol
Generating call graph for function GlobalParserNameSpace::acceptGlobalEpuIdEol
Generating caller graph for function GlobalParserNameSpace::acceptGlobalEpuIdEol
Generating caller graph for function GlobalParserNameSpace::acceptGlobalHelpEol
Generating call graph for function GlobalParserNameSpace::acceptGlobalMacTableEol
Generating caller graph for function GlobalParserNameSpace::acceptGlobalMacTableEol
Generating call graph for function GlobalParserNameSpace::acceptGlobalPortIdEol
Generating caller graph for function GlobalParserNameSpace::acceptGlobalPortIdEol
Generating call graph for function GlobalParserNameSpace::acceptGlobalRunEol
Generating caller graph for function GlobalParserNameSpace::acceptGlobalRunEol
Generating call graph for function GlobalParserNameSpace::acceptGlobalVbIdEol
Generating caller graph for function GlobalParserNameSpace::acceptGlobalVbIdEol
Generating call graph for function GlobalParserNameSpace::acceptHostnameEol
Generating caller graph for function GlobalParserNameSpace::acceptHostnameEol
Generating call graph for function GlobalParserNameSpace::acceptSaveEol
Generating caller graph for function GlobalParserNameSpace::acceptSaveEol
Generating call graph for function GlobalParserNameSpace::acceptSimulEol
Generating call graph for function GlobalParserNameSpace::doGlobalConfigHelp
Generating caller graph for function GlobalParserNameSpace::doGlobalConfigHelp
Generating call graph for function GlobalParserNameSpace::doGlobalEpuIdCountersHelp
Generating caller graph for function GlobalParserNameSpace::doGlobalEpuIdCountersHelp
Generating call graph for function GlobalParserNameSpace::doGlobalEpuIdHelp
Generating caller graph for function GlobalParserNameSpace::doGlobalEpuIdHelp
Generating call graph for function GlobalParserNameSpace::doGlobalHelp
Generating caller graph for function GlobalParserNameSpace::doGlobalHelp
Generating call graph for function GlobalParserNameSpace::doGlobalPortIdCountersHelp
Generating caller graph for function GlobalParserNameSpace::doGlobalPortIdCountersHelp
Generating call graph for function GlobalParserNameSpace::doGlobalPortIdHelp
Generating caller graph for function GlobalParserNameSpace::doGlobalPortIdHelp
Generating call graph for function GlobalParserNameSpace::doGlobalShowEpuHelp
Generating caller graph for function GlobalParserNameSpace::doGlobalShowEpuHelp
Generating call graph for function GlobalParserNameSpace::doGlobalShowHelp
Generating caller graph for function GlobalParserNameSpace::doGlobalShowHelp
Generating call graph for function GlobalParserNameSpace::doGlobalShowMacTableHelp
Generating caller graph for function GlobalParserNameSpace::doGlobalShowMacTableHelp
Generating call graph for function GlobalParserNameSpace::doGlobalShowMacTableVbHelp
Generating caller graph for function GlobalParserNameSpace::doGlobalShowMacTableVbHelp
Generating call graph for function GlobalParserNameSpace::doGlobalShowPortHelp
Generating caller graph for function GlobalParserNameSpace::doGlobalShowPortHelp
Generating call graph for function GlobalParserNameSpace::doGlobalShowRunHelp
Generating caller graph for function GlobalParserNameSpace::doGlobalShowRunHelp
Generating call graph for function GlobalParserNameSpace::doGlobalShowVbHelp
Generating caller graph for function GlobalParserNameSpace::doGlobalShowVbHelp
Generating call graph for function GlobalParserNameSpace::doGlobalVbIdCountersHelp
Generating caller graph for function GlobalParserNameSpace::doGlobalVbIdCountersHelp
Generating call graph for function GlobalParserNameSpace::doGlobalVbIdHelp
Generating caller graph for function GlobalParserNameSpace::doGlobalVbIdHelp
Generating caller graph for function GlobalParserNameSpace::doHostnameHelp
Generating call graph for function GlobalParserNameSpace::doHostnameStringHelp
Generating caller graph for function GlobalParserNameSpace::doHostnameStringHelp
Generating call graph for function GlobalParserNameSpace::doMacTableVbHelp
Generating call graph for function GlobalParserNameSpace::doMacTableVbIdHelp
Generating caller graph for function GlobalParserNameSpace::doMacTableVbIdHelp
Generating call graph for function GlobalParserNameSpace::doSaveHelp
Generating caller graph for function GlobalParserNameSpace::doSaveHelp
Generating call graph for function GlobalParserNameSpace::doSimulHelp
Generating caller graph for function GlobalParserNameSpace::getGlobalEpuId
Generating caller graph for function GlobalParserNameSpace::getGlobalPortId
Generating caller graph for function GlobalParserNameSpace::getGlobalVbId
Generating docs for namespace SimulParserNameSpace
Generating call graph for function SimulParserNameSpace::acceptSimulEol
Generating caller graph for function SimulParserNameSpace::acceptSimulEol
Generating caller graph for function SimulParserNameSpace::acceptSimulHelpEol
Generating call graph for function SimulParserNameSpace::acceptVhCloseBraceTok
Generating caller graph for function SimulParserNameSpace::DaNode
Generating call graph for function SimulParserNameSpace::doDaHelp
Generating caller graph for function SimulParserNameSpace::doDaHelp
Generating call graph for function SimulParserNameSpace::doDaValueHelp
Generating caller graph for function SimulParserNameSpace::doDaValueHelp
Generating call graph for function SimulParserNameSpace::doPortHelp
Generating call graph for function SimulParserNameSpace::doPortIdHelp
Generating caller graph for function SimulParserNameSpace::doPortIdHelp
Generating call graph for function SimulParserNameSpace::doSaHelp
Generating caller graph for function SimulParserNameSpace::doSaHelp
Generating call graph for function SimulParserNameSpace::doSaValueHelp
Generating caller graph for function SimulParserNameSpace::doSaValueHelp
Generating caller graph for function SimulParserNameSpace::doSimulEndEol
Generating call graph for function SimulParserNameSpace::doSimulEndHelp
Generating caller graph for function SimulParserNameSpace::doSimulEndHelp
Generating caller graph for function SimulParserNameSpace::doSimulExitEol
Generating call graph for function SimulParserNameSpace::doSimulExitHelp
Generating caller graph for function SimulParserNameSpace::doSimulExitHelp
Generating call graph for function SimulParserNameSpace::doSimulHelp
Generating caller graph for function SimulParserNameSpace::doSimulHelp
Generating call graph for function SimulParserNameSpace::doVh1Help
Generating call graph for function SimulParserNameSpace::doVhCloseBraceHelp
Generating call graph for function SimulParserNameSpace::doVhCosHelp
Generating call graph for function SimulParserNameSpace::doVhCosValueHelp
Generating call graph for function SimulParserNameSpace::doVhOpenBraceHelp
Generating call graph for function SimulParserNameSpace::doVhVlanIdHelp
Generating call graph for function SimulParserNameSpace::doVhVlanIdValueHelp
Generating call graph for function SimulParserNameSpace::doVlanHeaderHelp
Generating caller graph for function SimulParserNameSpace::getDaValue
Generating caller graph for function SimulParserNameSpace::getPortId
Generating caller graph for function SimulParserNameSpace::getSaValue
Generating caller graph for function SimulParserNameSpace::SaNode
Generating namespace member index...
Generating graph info page...
Generating file index...
Generating example index...
Generating file member index...
